<?xml version="1.0" encoding="UTF-8"?>
<!-- Generated by org.testng.reporters.JUnitReportReporter -->
<testsuite skipped="0" hostname="UKCCOL0251WOK" name="Tests.Internal_Test" tests="1" failures="0" timestamp="24 Jan 2018 16:08:37 GMT" time="0.033" errors="0">
  <testcase name="Test1" time="0.033" classname="Tests.Internal_Test"/>
</testsuite> <!-- Tests.Internal_Test -->
