<?xml version="1.0" encoding="UTF-8"?>
<!-- Generated by org.testng.reporters.JUnitReportReporter -->
<testsuite skipped="0" hostname="UKCCOL0251WOK" name="Tests.Test1" tests="1" failures="0" timestamp="08 Jan 2018 14:17:05 GMT" time="0.015" errors="0">
  <testcase name="External_allLandingPages" time="0.015" classname="Tests.Test1"/>
</testsuite> <!-- Tests.Test1 -->
