<?xml version="1.0" encoding="UTF-8"?>
<!-- Generated by org.testng.reporters.JUnitReportReporter -->
<testsuite skipped="0" hostname="UKCCOL0251WOK" name="Tests.External_Test" tests="1" failures="0" timestamp="24 Jan 2018 16:08:37 GMT" time="0.055" errors="0">
  <testcase name="Test1" time="0.055" classname="Tests.External_Test"/>
</testsuite> <!-- Tests.External_Test -->
